# JRE version: Java(TM) SE Runtime Environment (8.0_121-b13) (build 1.8.0_121-b13)
# Java VM: Java HotSpot(TM) 64-Bit Server VM (25.121-b13 mixed mode windows-amd64 compressed oops)
Heap:
 PSYoungGen      total 197632K, used 138702K [0x00000000d5580000, 0x00000000e3e80000, 0x0000000100000000)
  eden space 187392K, 74% used [0x00000000d5580000,0x00000000ddcf3ac0,0x00000000e0c80000)
  from space 10240K, 0% used [0x00000000e1780000,0x00000000e1780000,0x00000000e2180000)
  to   space 11264K, 0% used [0x00000000e0c80000,0x00000000e0c80000,0x00000000e1780000)
 ParOldGen       total 51200K, used 15340K [0x0000000080000000, 0x0000000083200000, 0x00000000d5580000)
  object space 51200K, 29% used [0x0000000080000000,0x0000000080efb030,0x0000000083200000)
 Metaspace       used 42025K, capacity 43414K, committed 43648K, reserved 1087488K
  class space    used 5689K, capacity 5970K, committed 6016K, reserved 1048576K
GC Heap History (10 events):
Event: 2.330 GC heap before
{Heap before GC invocations=6 (full 1):
 PSYoungGen      total 71680K, used 5110K [0x00000000d5580000, 0x00000000de580000, 0x0000000100000000)
  eden space 66560K, 0% used [0x00000000d5580000,0x00000000d5580000,0x00000000d9680000)
  from space 5120K, 99% used [0x00000000d9680000,0x00000000d9b7d850,0x00000000d9b80000)
  to   space 7168K, 0% used [0x00000000dde80000,0x00000000dde80000,0x00000000de580000)
 ParOldGen       total 87552K, used 3961K [0x0000000080000000, 0x0000000085580000, 0x00000000d5580000)
  object space 87552K, 4% used [0x0000000080000000,0x00000000803de658,0x0000000085580000)
 Metaspace       used 20540K, capacity 21130K, committed 21248K, reserved 1067008K
  class space    used 2827K, capacity 2998K, committed 3072K, reserved 1048576K
Event: 2.366 GC heap after
Heap after GC invocations=6 (full 1):
 PSYoungGen      total 71680K, used 0K [0x00000000d5580000, 0x00000000de580000, 0x0000000100000000)
  eden space 66560K, 0% used [0x00000000d5580000,0x00000000d5580000,0x00000000d9680000)
  from space 5120K, 0% used [0x00000000d9680000,0x00000000d9680000,0x00000000d9b80000)
  to   space 7168K, 0% used [0x00000000dde80000,0x00000000dde80000,0x00000000de580000)
 ParOldGen       total 51200K, used 6006K [0x0000000080000000, 0x0000000083200000, 0x00000000d5580000)
  object space 51200K, 11% used [0x0000000080000000,0x00000000805dd950,0x0000000083200000)
 Metaspace       used 20540K, capacity 21130K, committed 21248K, reserved 1067008K
  class space    used 2827K, capacity 2998K, committed 3072K, reserved 1048576K
}
Event: 2.838 GC heap before
{Heap before GC invocations=7 (full 1):
 PSYoungGen      total 71680K, used 66560K [0x00000000d5580000, 0x00000000de580000, 0x0000000100000000)
  eden space 66560K, 100% used [0x00000000d5580000,0x00000000d9680000,0x00000000d9680000)
  from space 5120K, 0% used [0x00000000d9680000,0x00000000d9680000,0x00000000d9b80000)
  to   space 7168K, 0% used [0x00000000dde80000,0x00000000dde80000,0x00000000de580000)
 ParOldGen       total 51200K, used 6006K [0x0000000080000000, 0x0000000083200000, 0x00000000d5580000)
  object space 51200K, 11% used [0x0000000080000000,0x00000000805dd950,0x0000000083200000)
 Metaspace       used 26259K, capacity 26964K, committed 27136K, reserved 1073152K
  class space    used 3526K, capacity 3719K, committed 3840K, reserved 1048576K
Event: 2.851 GC heap after
Heap after GC invocations=7 (full 1):
 PSYoungGen      total 120320K, used 7148K [0x00000000d5580000, 0x00000000de580000, 0x0000000100000000)
  eden space 113152K, 0% used [0x00000000d5580000,0x00000000d5580000,0x00000000dc400000)
  from space 7168K, 99% used [0x00000000dde80000,0x00000000de57b350,0x00000000de580000)
  to   space 8192K, 0% used [0x00000000dd580000,0x00000000dd580000,0x00000000ddd80000)
 ParOldGen       total 51200K, used 6753K [0x0000000080000000, 0x0000000083200000, 0x00000000d5580000)
  object space 51200K, 13% used [0x0000000080000000,0x0000000080698460,0x0000000083200000)
 Metaspace       used 26259K, capacity 26964K, committed 27136K, reserved 1073152K
  class space    used 3526K, capacity 3719K, committed 3840K, reserved 1048576K
}
Event: 3.773 GC heap before
{Heap before GC invocations=8 (full 1):
 PSYoungGen      total 120320K, used 120300K [0x00000000d5580000, 0x00000000de580000, 0x0000000100000000)
  eden space 113152K, 100% used [0x00000000d5580000,0x00000000dc400000,0x00000000dc400000)
  from space 7168K, 99% used [0x00000000dde80000,0x00000000de57b350,0x00000000de580000)
  to   space 8192K, 0% used [0x00000000dd580000,0x00000000dd580000,0x00000000ddd80000)
 ParOldGen       total 51200K, used 6753K [0x0000000080000000, 0x0000000083200000, 0x00000000d5580000)
  object space 51200K, 13% used [0x0000000080000000,0x0000000080698460,0x0000000083200000)
 Metaspace       used 30867K, capacity 31852K, committed 32128K, reserved 1077248K
  class space    used 4135K, capacity 4385K, committed 4480K, reserved 1048576K
Event: 3.789 GC heap after
Heap after GC invocations=8 (full 1):
 PSYoungGen      total 139264K, used 8184K [0x00000000d5580000, 0x00000000e2180000, 0x0000000100000000)
  eden space 131072K, 0% used [0x00000000d5580000,0x00000000d5580000,0x00000000dd580000)
  from space 8192K, 99% used [0x00000000dd580000,0x00000000ddd7e280,0x00000000ddd80000)
  to   space 10240K, 0% used [0x00000000e1780000,0x00000000e1780000,0x00000000e2180000)
 ParOldGen       total 51200K, used 8774K [0x0000000080000000, 0x0000000083200000, 0x00000000d5580000)
  object space 51200K, 17% used [0x0000000080000000,0x0000000080891ae8,0x0000000083200000)
 Metaspace       used 30867K, capacity 31852K, committed 32128K, reserved 1077248K
  class space    used 4135K, capacity 4385K, committed 4480K, reserved 1048576K
}
Event: 4.500 GC heap before
{Heap before GC invocations=9 (full 1):
 PSYoungGen      total 139264K, used 70003K [0x00000000d5580000, 0x00000000e2180000, 0x0000000100000000)
  eden space 131072K, 47% used [0x00000000d5580000,0x00000000d91dea20,0x00000000dd580000)
  from space 8192K, 99% used [0x00000000dd580000,0x00000000ddd7e280,0x00000000ddd80000)
  to   space 10240K, 0% used [0x00000000e1780000,0x00000000e1780000,0x00000000e2180000)
 ParOldGen       total 51200K, used 8774K [0x0000000080000000, 0x0000000083200000, 0x00000000d5580000)
  object space 51200K, 17% used [0x0000000080000000,0x0000000080891ae8,0x0000000083200000)
 Metaspace       used 34213K, capacity 35364K, committed 35416K, reserved 1079296K
  class space    used 4570K, capacity 4817K, committed 4864K, reserved 1048576K
Event: 4.515 GC heap after
Heap after GC invocations=9 (full 1):
 PSYoungGen      total 197632K, used 10215K [0x00000000d5580000, 0x00000000e3e80000, 0x0000000100000000)
  eden space 187392K, 0% used [0x00000000d5580000,0x00000000d5580000,0x00000000e0c80000)
  from space 10240K, 99% used [0x00000000e1780000,0x00000000e2179cb0,0x00000000e2180000)
  to   space 11264K, 0% used [0x00000000e0c80000,0x00000000e0c80000,0x00000000e1780000)
 ParOldGen       total 51200K, used 9362K [0x0000000080000000, 0x0000000083200000, 0x00000000d5580000)
  object space 51200K, 18% used [0x0000000080000000,0x0000000080924aa8,0x0000000083200000)
 Metaspace       used 34213K, capacity 35364K, committed 35416K, reserved 1079296K
  class space    used 4570K, capacity 4817K, committed 4864K, reserved 1048576K
}
Event: 4.515 GC heap before
{Heap before GC invocations=10 (full 2):
 PSYoungGen      total 197632K, used 10215K [0x00000000d5580000, 0x00000000e3e80000, 0x0000000100000000)
  eden space 187392K, 0% used [0x00000000d5580000,0x00000000d5580000,0x00000000e0c80000)
  from space 10240K, 99% used [0x00000000e1780000,0x00000000e2179cb0,0x00000000e2180000)
  to   space 11264K, 0% used [0x00000000e0c80000,0x00000000e0c80000,0x00000000e1780000)
 ParOldGen       total 51200K, used 9362K [0x0000000080000000, 0x0000000083200000, 0x00000000d5580000)
  object space 51200K, 18% used [0x0000000080000000,0x0000000080924aa8,0x0000000083200000)
 Metaspace       used 34213K, capacity 35364K, committed 35416K, reserved 1079296K
  class space    used 4570K, capacity 4817K, committed 4864K, reserved 1048576K
Event: 4.596 GC heap after
Heap after GC invocations=10 (full 2):
 PSYoungGen      total 197632K, used 0K [0x00000000d5580000, 0x00000000e3e80000, 0x0000000100000000)
  eden space 187392K, 0% used [0x00000000d5580000,0x00000000d5580000,0x00000000e0c80000)
  from space 10240K, 0% used [0x00000000e1780000,0x00000000e1780000,0x00000000e2180000)
  to   space 11264K, 0% used [0x00000000e0c80000,0x00000000e0c80000,0x00000000e1780000)
 ParOldGen       total 51200K, used 15340K [0x0000000080000000, 0x0000000083200000, 0x00000000d5580000)
  object space 51200K, 29% used [0x0000000080000000,0x0000000080efb030,0x0000000083200000)
 Metaspace       used 34213K, capacity 35364K, committed 35416K, reserved 1079296K
  class space    used 4570K, capacity 4817K, committed 4864K, reserved 1048576K
}

