# JRE version: Java(TM) SE Runtime Environment (8.0_121-b13) (build 1.8.0_121-b13)
# Java VM: Java HotSpot(TM) 64-Bit Server VM (25.121-b13 mixed mode windows-amd64 compressed oops)
Heap:
 PSYoungGen      total 251392K, used 154031K [0x00000000d5580000, 0x00000000e5c00000, 0x0000000100000000)
  eden space 233984K, 65% used [0x00000000d5580000,0x00000000debebc60,0x00000000e3a00000)
  from space 17408K, 0% used [0x00000000e3a00000,0x00000000e3a00000,0x00000000e4b00000)
  to   space 14336K, 0% used [0x00000000e4b00000,0x00000000e4b00000,0x00000000e5900000)
 ParOldGen       total 84480K, used 26213K [0x0000000080000000, 0x0000000085280000, 0x00000000d5580000)
  object space 84480K, 31% used [0x0000000080000000,0x0000000081999508,0x0000000085280000)
 Metaspace       used 59214K, capacity 61854K, committed 62080K, reserved 1101824K
  class space    used 8353K, capacity 8792K, committed 8832K, reserved 1048576K
GC Heap History (10 events):
Event: 4.841 GC heap before
{Heap before GC invocations=10 (full 2):
 PSYoungGen      total 194560K, used 10221K [0x00000000d5580000, 0x00000000e3f80000, 0x0000000100000000)
  eden space 184320K, 0% used [0x00000000d5580000,0x00000000d5580000,0x00000000e0980000)
  from space 10240K, 99% used [0x00000000e1500000,0x00000000e1efb728,0x00000000e1f00000)
  to   space 11776K, 0% used [0x00000000e0980000,0x00000000e0980000,0x00000000e1500000)
 ParOldGen       total 52736K, used 9731K [0x0000000080000000, 0x0000000083380000, 0x00000000d5580000)
  object space 52736K, 18% used [0x0000000080000000,0x0000000080980f50,0x0000000083380000)
 Metaspace       used 34130K, capacity 35328K, committed 35416K, reserved 1079296K
  class space    used 4611K, capacity 4857K, committed 4864K, reserved 1048576K
Event: 4.923 GC heap after
Heap after GC invocations=10 (full 2):
 PSYoungGen      total 194560K, used 0K [0x00000000d5580000, 0x00000000e3f80000, 0x0000000100000000)
  eden space 184320K, 0% used [0x00000000d5580000,0x00000000d5580000,0x00000000e0980000)
  from space 10240K, 0% used [0x00000000e1500000,0x00000000e1500000,0x00000000e1f00000)
  to   space 11776K, 0% used [0x00000000e0980000,0x00000000e0980000,0x00000000e1500000)
 ParOldGen       total 84480K, used 16462K [0x0000000080000000, 0x0000000085280000, 0x00000000d5580000)
  object space 84480K, 19% used [0x0000000080000000,0x00000000810138b0,0x0000000085280000)
 Metaspace       used 34130K, capacity 35328K, committed 35416K, reserved 1079296K
  class space    used 4611K, capacity 4857K, committed 4864K, reserved 1048576K
}
Event: 6.896 GC heap before
{Heap before GC invocations=11 (full 2):
 PSYoungGen      total 194560K, used 184320K [0x00000000d5580000, 0x00000000e3f80000, 0x0000000100000000)
  eden space 184320K, 100% used [0x00000000d5580000,0x00000000e0980000,0x00000000e0980000)
  from space 10240K, 0% used [0x00000000e1500000,0x00000000e1500000,0x00000000e1f00000)
  to   space 11776K, 0% used [0x00000000e0980000,0x00000000e0980000,0x00000000e1500000)
 ParOldGen       total 84480K, used 16462K [0x0000000080000000, 0x0000000085280000, 0x00000000d5580000)
  object space 84480K, 19% used [0x0000000080000000,0x00000000810138b0,0x0000000085280000)
 Metaspace       used 46210K, capacity 47660K, committed 47872K, reserved 1091584K
  class space    used 6309K, capacity 6591K, committed 6656K, reserved 1048576K
Event: 6.918 GC heap after
Heap after GC invocations=11 (full 2):
 PSYoungGen      total 196096K, used 11769K [0x00000000d5580000, 0x00000000e5900000, 0x0000000100000000)
  eden space 184320K, 0% used [0x00000000d5580000,0x00000000d5580000,0x00000000e0980000)
  from space 11776K, 99% used [0x00000000e0980000,0x00000000e14fe7f0,0x00000000e1500000)
  to   space 14336K, 0% used [0x00000000e4b00000,0x00000000e4b00000,0x00000000e5900000)
 ParOldGen       total 84480K, used 19476K [0x0000000080000000, 0x0000000085280000, 0x00000000d5580000)
  object space 84480K, 23% used [0x0000000080000000,0x00000000813052a0,0x0000000085280000)
 Metaspace       used 46210K, capacity 47660K, committed 47872K, reserved 1091584K
  class space    used 6309K, capacity 6591K, committed 6656K, reserved 1048576K
}
Event: 8.791 GC heap before
{Heap before GC invocations=12 (full 2):
 PSYoungGen      total 196096K, used 196089K [0x00000000d5580000, 0x00000000e5900000, 0x0000000100000000)
  eden space 184320K, 100% used [0x00000000d5580000,0x00000000e0980000,0x00000000e0980000)
  from space 11776K, 99% used [0x00000000e0980000,0x00000000e14fe7f0,0x00000000e1500000)
  to   space 14336K, 0% used [0x00000000e4b00000,0x00000000e4b00000,0x00000000e5900000)
 ParOldGen       total 84480K, used 19476K [0x0000000080000000, 0x0000000085280000, 0x00000000d5580000)
  object space 84480K, 23% used [0x0000000080000000,0x00000000813052a0,0x0000000085280000)
 Metaspace       used 55506K, capacity 57706K, committed 57856K, reserved 1099776K
  class space    used 7753K, capacity 8152K, committed 8192K, reserved 1048576K
Event: 8.814 GC heap after
Heap after GC invocations=12 (full 2):
 PSYoungGen      total 248320K, used 14310K [0x00000000d5580000, 0x00000000e5c00000, 0x0000000100000000)
  eden space 233984K, 0% used [0x00000000d5580000,0x00000000d5580000,0x00000000e3a00000)
  from space 14336K, 99% used [0x00000000e4b00000,0x00000000e58f9880,0x00000000e5900000)
  to   space 17408K, 0% used [0x00000000e3a00000,0x00000000e3a00000,0x00000000e4b00000)
 ParOldGen       total 84480K, used 23428K [0x0000000080000000, 0x0000000085280000, 0x00000000d5580000)
  object space 84480K, 27% used [0x0000000080000000,0x00000000816e11a0,0x0000000085280000)
 Metaspace       used 55506K, capacity 57706K, committed 57856K, reserved 1099776K
  class space    used 7753K, capacity 8152K, committed 8192K, reserved 1048576K
}
Event: 9.000 GC heap before
{Heap before GC invocations=13 (full 2):
 PSYoungGen      total 248320K, used 49043K [0x00000000d5580000, 0x00000000e5c00000, 0x0000000100000000)
  eden space 233984K, 14% used [0x00000000d5580000,0x00000000d776b650,0x00000000e3a00000)
  from space 14336K, 99% used [0x00000000e4b00000,0x00000000e58f9880,0x00000000e5900000)
  to   space 17408K, 0% used [0x00000000e3a00000,0x00000000e3a00000,0x00000000e4b00000)
 ParOldGen       total 84480K, used 23428K [0x0000000080000000, 0x0000000085280000, 0x00000000d5580000)
  object space 84480K, 27% used [0x0000000080000000,0x00000000816e11a0,0x0000000085280000)
 Metaspace       used 56581K, capacity 58704K, committed 59008K, reserved 1099776K
  class space    used 7912K, capacity 8289K, committed 8320K, reserved 1048576K
Event: 9.015 GC heap after
Heap after GC invocations=13 (full 2):
 PSYoungGen      total 251392K, used 2006K [0x00000000d5580000, 0x00000000e5c00000, 0x0000000100000000)
  eden space 233984K, 0% used [0x00000000d5580000,0x00000000d5580000,0x00000000e3a00000)
  from space 17408K, 11% used [0x00000000e3a00000,0x00000000e3bf58c8,0x00000000e4b00000)
  to   space 14336K, 0% used [0x00000000e4b00000,0x00000000e4b00000,0x00000000e5900000)
 ParOldGen       total 84480K, used 34144K [0x0000000080000000, 0x0000000085280000, 0x00000000d5580000)
  object space 84480K, 40% used [0x0000000080000000,0x0000000082158368,0x0000000085280000)
 Metaspace       used 56581K, capacity 58704K, committed 59008K, reserved 1099776K
  class space    used 7912K, capacity 8289K, committed 8320K, reserved 1048576K
}
Event: 9.015 GC heap before
{Heap before GC invocations=14 (full 3):
 PSYoungGen      total 251392K, used 2006K [0x00000000d5580000, 0x00000000e5c00000, 0x0000000100000000)
  eden space 233984K, 0% used [0x00000000d5580000,0x00000000d5580000,0x00000000e3a00000)
  from space 17408K, 11% used [0x00000000e3a00000,0x00000000e3bf58c8,0x00000000e4b00000)
  to   space 14336K, 0% used [0x00000000e4b00000,0x00000000e4b00000,0x00000000e5900000)
 ParOldGen       total 84480K, used 34144K [0x0000000080000000, 0x0000000085280000, 0x00000000d5580000)
  object space 84480K, 40% used [0x0000000080000000,0x0000000082158368,0x0000000085280000)
 Metaspace       used 56581K, capacity 58704K, committed 59008K, reserved 1099776K
  class space    used 7912K, capacity 8289K, committed 8320K, reserved 1048576K
Event: 9.167 GC heap after
Heap after GC invocations=14 (full 3):
 PSYoungGen      total 251392K, used 0K [0x00000000d5580000, 0x00000000e5c00000, 0x0000000100000000)
  eden space 233984K, 0% used [0x00000000d5580000,0x00000000d5580000,0x00000000e3a00000)
  from space 17408K, 0% used [0x00000000e3a00000,0x00000000e3a00000,0x00000000e4b00000)
  to   space 14336K, 0% used [0x00000000e4b00000,0x00000000e4b00000,0x00000000e5900000)
 ParOldGen       total 84480K, used 26213K [0x0000000080000000, 0x0000000085280000, 0x00000000d5580000)
  object space 84480K, 31% used [0x0000000080000000,0x0000000081999508,0x0000000085280000)
 Metaspace       used 56581K, capacity 58704K, committed 59008K, reserved 1099776K
  class space    used 7912K, capacity 8289K, committed 8320K, reserved 1048576K
}

