# JRE version: Java(TM) SE Runtime Environment (8.0_121-b13) (build 1.8.0_121-b13)
# Java VM: Java HotSpot(TM) 64-Bit Server VM (25.121-b13 mixed mode windows-amd64 compressed oops)
Heap:
 PSYoungGen      total 71680K, used 11409K [0x00000000d5580000, 0x00000000da080000, 0x0000000100000000)
  eden space 66560K, 9% used [0x00000000d5580000,0x00000000d5baa908,0x00000000d9680000)
  from space 5120K, 99% used [0x00000000d9680000,0x00000000d9b79b20,0x00000000d9b80000)
  to   space 5120K, 0% used [0x00000000d9b80000,0x00000000d9b80000,0x00000000da080000)
 ParOldGen       total 52224K, used 10178K [0x0000000080000000, 0x0000000083300000, 0x00000000d5580000)
  object space 52224K, 19% used [0x0000000080000000,0x00000000809f0910,0x0000000083300000)
 Metaspace       used 29075K, capacity 29930K, committed 29952K, reserved 1075200K
  class space    used 3866K, capacity 4090K, committed 4096K, reserved 1048576K
GC Heap History (10 events):
Event: 2.462 GC heap before
{Heap before GC invocations=4 (full 0):
 PSYoungGen      total 38400K, used 38398K [0x00000000d5580000, 0x00000000da080000, 0x0000000100000000)
  eden space 33280K, 100% used [0x00000000d5580000,0x00000000d7600000,0x00000000d7600000)
  from space 5120K, 99% used [0x00000000d7600000,0x00000000d7affb58,0x00000000d7b00000)
  to   space 5120K, 0% used [0x00000000d9b80000,0x00000000d9b80000,0x00000000da080000)
 ParOldGen       total 87552K, used 1275K [0x0000000080000000, 0x0000000085580000, 0x00000000d5580000)
  object space 87552K, 1% used [0x0000000080000000,0x000000008013ec58,0x0000000085580000)
 Metaspace       used 19351K, capacity 19878K, committed 19968K, reserved 1067008K
  class space    used 2615K, capacity 2786K, committed 2816K, reserved 1048576K
Event: 2.473 GC heap after
Heap after GC invocations=4 (full 0):
 PSYoungGen      total 71680K, used 5105K [0x00000000d5580000, 0x00000000da080000, 0x0000000100000000)
  eden space 66560K, 0% used [0x00000000d5580000,0x00000000d5580000,0x00000000d9680000)
  from space 5120K, 99% used [0x00000000d9b80000,0x00000000da07c590,0x00000000da080000)
  to   space 5120K, 0% used [0x00000000d9680000,0x00000000d9680000,0x00000000d9b80000)
 ParOldGen       total 87552K, used 2972K [0x0000000080000000, 0x0000000085580000, 0x00000000d5580000)
  object space 87552K, 3% used [0x0000000080000000,0x00000000802e7190,0x0000000085580000)
 Metaspace       used 19351K, capacity 19878K, committed 19968K, reserved 1067008K
  class space    used 2615K, capacity 2786K, committed 2816K, reserved 1048576K
}
Event: 2.608 GC heap before
{Heap before GC invocations=5 (full 0):
 PSYoungGen      total 71680K, used 19420K [0x00000000d5580000, 0x00000000da080000, 0x0000000100000000)
  eden space 66560K, 21% used [0x00000000d5580000,0x00000000d637ab98,0x00000000d9680000)
  from space 5120K, 99% used [0x00000000d9b80000,0x00000000da07c590,0x00000000da080000)
  to   space 5120K, 0% used [0x00000000d9680000,0x00000000d9680000,0x00000000d9b80000)
 ParOldGen       total 87552K, used 2972K [0x0000000080000000, 0x0000000085580000, 0x00000000d5580000)
  object space 87552K, 3% used [0x0000000080000000,0x00000000802e7190,0x0000000085580000)
 Metaspace       used 20562K, capacity 21138K, committed 21248K, reserved 1067008K
  class space    used 2818K, capacity 2974K, committed 3072K, reserved 1048576K
Event: 2.624 GC heap after
Heap after GC invocations=5 (full 0):
 PSYoungGen      total 71680K, used 5091K [0x00000000d5580000, 0x00000000da080000, 0x0000000100000000)
  eden space 66560K, 0% used [0x00000000d5580000,0x00000000d5580000,0x00000000d9680000)
  from space 5120K, 99% used [0x00000000d9680000,0x00000000d9b78d88,0x00000000d9b80000)
  to   space 5120K, 0% used [0x00000000d9b80000,0x00000000d9b80000,0x00000000da080000)
 ParOldGen       total 87552K, used 4081K [0x0000000080000000, 0x0000000085580000, 0x00000000d5580000)
  object space 87552K, 4% used [0x0000000080000000,0x00000000803fc658,0x0000000085580000)
 Metaspace       used 20562K, capacity 21138K, committed 21248K, reserved 1067008K
  class space    used 2818K, capacity 2974K, committed 3072K, reserved 1048576K
}
Event: 2.624 GC heap before
{Heap before GC invocations=6 (full 1):
 PSYoungGen      total 71680K, used 5091K [0x00000000d5580000, 0x00000000da080000, 0x0000000100000000)
  eden space 66560K, 0% used [0x00000000d5580000,0x00000000d5580000,0x00000000d9680000)
  from space 5120K, 99% used [0x00000000d9680000,0x00000000d9b78d88,0x00000000d9b80000)
  to   space 5120K, 0% used [0x00000000d9b80000,0x00000000d9b80000,0x00000000da080000)
 ParOldGen       total 87552K, used 4081K [0x0000000080000000, 0x0000000085580000, 0x00000000d5580000)
  object space 87552K, 4% used [0x0000000080000000,0x00000000803fc658,0x0000000085580000)
 Metaspace       used 20562K, capacity 21138K, committed 21248K, reserved 1067008K
  class space    used 2818K, capacity 2974K, committed 3072K, reserved 1048576K
Event: 2.667 GC heap after
Heap after GC invocations=6 (full 1):
 PSYoungGen      total 71680K, used 0K [0x00000000d5580000, 0x00000000da080000, 0x0000000100000000)
  eden space 66560K, 0% used [0x00000000d5580000,0x00000000d5580000,0x00000000d9680000)
  from space 5120K, 0% used [0x00000000d9680000,0x00000000d9680000,0x00000000d9b80000)
  to   space 5120K, 0% used [0x00000000d9b80000,0x00000000d9b80000,0x00000000da080000)
 ParOldGen       total 52224K, used 6048K [0x0000000080000000, 0x0000000083300000, 0x00000000d5580000)
  object space 52224K, 11% used [0x0000000080000000,0x00000000805e83f0,0x0000000083300000)
 Metaspace       used 20562K, capacity 21138K, committed 21248K, reserved 1067008K
  class space    used 2818K, capacity 2974K, committed 3072K, reserved 1048576K
}
Event: 3.365 GC heap before
{Heap before GC invocations=7 (full 1):
 PSYoungGen      total 71680K, used 66560K [0x00000000d5580000, 0x00000000da080000, 0x0000000100000000)
  eden space 66560K, 100% used [0x00000000d5580000,0x00000000d9680000,0x00000000d9680000)
  from space 5120K, 0% used [0x00000000d9680000,0x00000000d9680000,0x00000000d9b80000)
  to   space 5120K, 0% used [0x00000000d9b80000,0x00000000d9b80000,0x00000000da080000)
 ParOldGen       total 52224K, used 6048K [0x0000000080000000, 0x0000000083300000, 0x00000000d5580000)
  object space 52224K, 11% used [0x0000000080000000,0x00000000805e83f0,0x0000000083300000)
 Metaspace       used 27284K, capacity 28052K, committed 28288K, reserved 1073152K
  class space    used 3648K, capacity 3857K, committed 3968K, reserved 1048576K
Event: 3.377 GC heap after
Heap after GC invocations=7 (full 1):
 PSYoungGen      total 71680K, used 5097K [0x00000000d5580000, 0x00000000da080000, 0x0000000100000000)
  eden space 66560K, 0% used [0x00000000d5580000,0x00000000d5580000,0x00000000d9680000)
  from space 5120K, 99% used [0x00000000d9b80000,0x00000000da07a628,0x00000000da080000)
  to   space 5120K, 0% used [0x00000000d9680000,0x00000000d9680000,0x00000000d9b80000)
 ParOldGen       total 52224K, used 8969K [0x0000000080000000, 0x0000000083300000, 0x00000000d5580000)
  object space 52224K, 17% used [0x0000000080000000,0x00000000808c2448,0x0000000083300000)
 Metaspace       used 27284K, capacity 28052K, committed 28288K, reserved 1073152K
  class space    used 3648K, capacity 3857K, committed 3968K, reserved 1048576K
}
Event: 3.829 GC heap before
{Heap before GC invocations=8 (full 1):
 PSYoungGen      total 71680K, used 71657K [0x00000000d5580000, 0x00000000da080000, 0x0000000100000000)
  eden space 66560K, 100% used [0x00000000d5580000,0x00000000d9680000,0x00000000d9680000)
  from space 5120K, 99% used [0x00000000d9b80000,0x00000000da07a628,0x00000000da080000)
  to   space 5120K, 0% used [0x00000000d9680000,0x00000000d9680000,0x00000000d9b80000)
 ParOldGen       total 52224K, used 8969K [0x0000000080000000, 0x0000000083300000, 0x00000000d5580000)
  object space 52224K, 17% used [0x0000000080000000,0x00000000808c2448,0x0000000083300000)
 Metaspace       used 28933K, capacity 29726K, committed 29952K, reserved 1075200K
  class space    used 3845K, capacity 4072K, committed 4096K, reserved 1048576K
Event: 3.837 GC heap after
Heap after GC invocations=8 (full 1):
 PSYoungGen      total 71680K, used 5094K [0x00000000d5580000, 0x00000000da080000, 0x0000000100000000)
  eden space 66560K, 0% used [0x00000000d5580000,0x00000000d5580000,0x00000000d9680000)
  from space 5120K, 99% used [0x00000000d9680000,0x00000000d9b79b20,0x00000000d9b80000)
  to   space 5120K, 0% used [0x00000000d9b80000,0x00000000d9b80000,0x00000000da080000)
 ParOldGen       total 52224K, used 10178K [0x0000000080000000, 0x0000000083300000, 0x00000000d5580000)
  object space 52224K, 19% used [0x0000000080000000,0x00000000809f0910,0x0000000083300000)
 Metaspace       used 28933K, capacity 29726K, committed 29952K, reserved 1075200K
  class space    used 3845K, capacity 4072K, committed 4096K, reserved 1048576K
}

